









<!DOCTYPE html>
<html>
<head>
	<meta charset='utf-8' /> 
	<meta name='description' content='' />
	<meta name='robots' content='noodp, noydir' />
	<meta name='viewport' content='width=device-width, initial-scale=1' />
	<meta id="timeStampFormat" name="timeStampFormat" content='MMM d, yyyy hh:mm:ss a'/>
	
        <link href='https://fonts.googleapis.com/css?family=Source+Sans+Pro:400,600' rel='stylesheet' type='text/css' />
        <link href="https://fonts.googleapis.com/icon?family=Material+Icons" rel="stylesheet" />
        <link href='https://cdn.jsdelivr.net/gh/extent-framework/extent-github-cdn@ff53917fbbdb5ef820abbbe4d199a6942dc771ff/v3html/css/extent.css' type='text/css' rel='stylesheet' />
	
	<title>ExtentReports</title>

	<style type='text/css'>
		/* json-tree */
		.jstBracket,.jstComma,.jstValue{white-space:pre-wrap}.jstValue{font-size:10px;font-weight:400;font-family:"Lucida Console",Monaco,monospace}.jstProperty{color:#666;word-wrap:break-word}.jstBool{color:#2525CC}.jstNum{color:#D036D0}.jstNull{color:gray}.jstStr{color:#2DB669}.jstFold:after{content:' -';cursor:pointer}.jstExpand{white-space:normal}.jstExpand:after{content:' +';cursor:pointer}.jstFolded{white-space:normal!important}.jstHiddenBlock{display:none}
	</style>
	
	<script type="text/javascript">
		/*! json-tree - v0.2.2 - 2017-09-25, MIT LICENSE */
		var JSONTree=function(){var n={"&":"&amp;","<":"&lt;",">":"&gt;",'"':"&quot;","'":"&#x27;","/":"&#x2F;"},t=0,r=0;this.create=function(n,t){return r+=1,N(u(n,0,!1),{class:"jstValue"})};var e=function(t){return t.replace(/[&<>'"]/g,function(t){return n[t]})},s=function(){return r+"_"+t++},u=function(n,t,r){if(null===n)return f(r?t:0);switch(typeof n){case"boolean":return l(n,r?t:0);case"number":return i(n,r?t:0);case"string":return o(n,r?t:0);default:return n instanceof Array?a(n,t,r):c(n,t,r)}},c=function(n,t,r){var e=s(),u=Object.keys(n).map(function(r){return j(r,n[r],t+1,!0)}).join(m()),c=[g("{",r?t:0,e),N(u,{id:e}),p("}",t)].join("\n");return N(c,{})},a=function(n,t,r){var e=s(),c=n.map(function(n){return u(n,t+1,!0)}).join(m());return[g("[",r?t:0,e),N(c,{id:e}),p("]",t)].join("\n")},o=function(n,t){var r=e(JSON.stringify(n));return N(v(r,t),{class:"jstStr"})},i=function(n,t){return N(v(n,t),{class:"jstNum"})},l=function(n,t){return N(v(n,t),{class:"jstBool"})},f=function(n){return N(v("null",n),{class:"jstNull"})},j=function(n,t,r){var s=v(e(JSON.stringify(n))+": ",r),c=N(u(t,r,!1),{});return N(s+c,{class:"jstProperty"})},m=function(){return N(",\n",{class:"jstComma"})},N=function(n,t){return d("span",t,n)},d=function(n,t,r){return"<"+n+Object.keys(t).map(function(n){return" "+n+'="'+t[n]+'"'}).join("")+">"+r+"</"+n+">"},g=function(n,t,r){return N(v(n,t),{class:"jstBracket"})+N("",{class:"jstFold",onclick:"JSONTree.toggle('"+r+"')"})};this.toggle=function(n){var t=document.getElementById(n),r=t.parentNode,e=t.previousElementSibling;""===t.className?(t.className="jstHiddenBlock",r.className="jstFolded",e.className="jstExpand"):(t.className="",r.className="",e.className="jstFold")};var p=function(n,t){return N(v(n,t),{})},v=function(n,t){return Array(2*t+1).join(" ")+n};return this}();
	</script>
</head>
	<body class='extent standard default hide-overflow bdd-report'>
		<div id='theme-selector' alt='Click to toggle theme. To enable by default, use theme configuration.' title='Click to toggle theme. To enable by default, use theme configuration.'>
			<span><i class='material-icons'>desktop_windows</i></span>
		</div>
<nav>
	<div class="nav-wrapper">
		<a href="#!" class="brand-logo black"><img src="https://cdn.rawgit.com/extent-framework/extent-github-cdn/d74480e/commons/img/logo.png"></a>
		<!-- slideout menu -->
		<ul id='slide-out' class='side-nav fixed hide-on-med-and-down'>
			<li class='waves-effect active'><a href='#!' view='test-view' onclick="configureView(0);chartsView('test');"><i class='material-icons'>dashboard</i></a></li>
						<li class='waves-effect'><a href='#!' view='category-view' onclick="configureView(1)"><i class='material-icons'>label_outline</i></a></li>
			<li class='waves-effect'><a href='#!' view='exception-view' onclick="configureView(2)"><i class='material-icons'>bug_report</i></a></li>
			<li class='waves-effect'><a href='#!' onclick="configureView(-1);chartsView('dashboard');" view='dashboard-view'><i class='material-icons'>track_changes</i></a></li>
		</ul>
		<!-- report name -->
		<span class='report-name'>ExtentReports</span>
		<!-- report headline -->
		<span class='report-headline'></span>
		<!-- nav-right -->
		<ul id='nav-mobile' class='right hide-on-med-and-down nav-right'>
			<a href='#!'>
			<span class='label blue darken-3 suite-start-time'>Aug 2, 2020 12:17:12 PM</span>
			</a>
		</ul>
	</div>
</nav>		<!-- container -->
		<div class='container'>
<div id='test-view' class='view'>
	<section id='controls'>
		<div class='controls grey lighten-4'>
			<!-- test toggle -->
			<div class='chip transparent'>
				<a class='dropdown-button tests-toggle' data-activates='tests-toggle' data-constrainwidth='true' data-beloworigin='true' data-hover='true' href='#'>
				<i class='material-icons'>warning</i> Status
				</a>
				<ul id='tests-toggle' class='dropdown-content'>
										<li status='pass'><a href='#!'>Pass <i class='material-icons green-text'>check_circle</i></a></li>
					<li status='fail'><a href='#!'>Fail <i class='material-icons red-text'>cancel</i></a></li>
					<li status='skip'><a href='#!'>Skip <i class='material-icons cyan-text'>redo</i></a></li>
					<li class='divider'></li>
					<li status='clear' clear='true'><a href='#!'>Clear Filters <i class='material-icons'>clear</i></a></li>
				</ul>
			</div>
			<!-- test toggle -->
			<!-- category toggle -->
			<div class='chip transparent'>
				<a class='dropdown-button category-toggle' data-activates='category-toggle' data-constrainwidth='false' data-beloworigin='true' data-hover='true' href='#'>
				<i class='material-icons'>local_offer</i> Category
				</a>
				<ul id='category-toggle' class='dropdown-content'>
					<li><a href='#'>@Smoke</a></li>
					<li><a href='#'>@Login</a></li>
					<li><a href='#'>@AddUser</a></li>
					<li><a href='#'>@AssignLeave</a></li>
					<li class='divider'></li>
					<li class='clear'><a href='#!' clear='true'>Clear Filters</a></li>
				</ul>
			</div>
			<!-- category toggle -->
			<!-- clear filters -->
			<div class='chip transparent hide'>
				<a class='' id='clear-filters' alt='Clear Filters' title='Clear Filters'>
				<i class='material-icons'>close</i> Clear
				</a>
			</div>
			<!-- clear filters -->
			<!-- enable dashboard -->
			<div id='toggle-test-view-charts' class='chip transparent'>
				<a class='pink-text' id='enable-dashboard' alt='Enable Dashboard' title='Enable Dashboard'>
				<i class='material-icons'>track_changes</i> Dashboard
				</a>
			</div>
			<!-- enable dashboard -->
			<!-- search -->
			<div class='chip transparent' alt='Search Tests' title='Search Tests'>
				<a href="#" class='search-div'>
				<i class='material-icons'>search</i> Search
				</a>
				<div class='input-field left hide'>
					<input id='search-tests' type='text' class='validate browser-default' placeholder='Search Tests...'>
				</div>
			</div>
			<!-- search -->
		</div>
	</section>
<div id='test-view-charts' class='subview-full'>
    <div id='charts-row' class='row nm-v nm-h'>
        <div class='col s12 m4 l4 np-h'>
            <div class='card-panel nm-v'>
                <div class='left panel-name'>Features</div>
                <div class='chart-box' style="max-height:94px;">
                    <canvas id='parent-analysis' width='90' height='70'></canvas>
                </div>
                <div class='block text-small'>
                    <span class='tooltipped' data-position='top' data-tooltip='33.333%'><span class='strong'>1</span> feature(s) passed</span>
                </div>
                <div class='block text-small'>
                    <span class='strong tooltipped' data-position='top' data-tooltip='66.667%'>2</span> feature(s) failed, <span class='strong tooltipped' data-position='top' data-tooltip='0%'>0</span> skipped
                </div>
            </div>
        </div>
        <div class='col s12 m4 l4 np-h'>
            <div class='card-panel nm-v'>
                <div class='left panel-name'>Scenarios</div>
                <div class='chart-box' style="max-height:94px;">
                    <canvas id='child-analysis' width='90' height='70'></canvas>
                </div>
                <div class='block text-small'>
                    <span class='tooltipped' data-position='top' data-tooltip='50%'><span class='strong'>2</span> scenario(s) passed</span>
                </div>
                <div class='block text-small'>
                    <span class='strong tooltipped' data-position='top' data-tooltip='50%'>2</span> scenario(s) failed, 
                    <span class='strong tooltipped' data-position='top' data-tooltip='0%'>0</span> skipped, 
                    <span class='strong tooltipped' data-position='top' data-tooltip='0%'>0</span> others
                </div>
            </div>
        </div>
        <div class='col s12 m4 l4 np-h'>
            <div class='card-panel nm-v'>
                <div class='left panel-name'>Steps</div>
                <div class='chart-box' style="max-height:94px;">
                    <canvas id='grandchild-analysis' width='90' height='70'></canvas>
                </div>
                <div class='block text-small'>
                    <span class='tooltipped' data-position='top' data-tooltip='64.286%'><span class='strong'>9</span> step(s) passed</span>
                </div>
                <div class='block text-small'>
                    <span class='strong tooltipped' data-position='top' data-tooltip='21.429%'>3</span> scenario(s) failed, 
                    <span class='strong tooltipped' data-position='top' data-tooltip='14.286%'>2</span> skipped, 
                    <span class='strong tooltipped' data-position='top' data-tooltip='14.286%'>0</span> others
                </div>
            </div>
        </div>
    </div>
    <div id="timeline-chart" class="row nm-v nm-h">
        <div class="col s12 m12 l12 np-h">
            <div class="card-panel">
                <div class='left panel-name'>Timeline (seconds)</div>
                <div class="chart-box" style="width:98%;max-height:145px;">
                    <canvas id="timeline" height="120"></canvas>
                </div>
            </div>
        </div>
    </div>
</div>	<div class='subview-left left'>
		<div class='view-summary'>
			<ul id='test-collection' class='test-collection'>
				<li class='test displayed active has-leaf fail' status='fail' bdd='true' test-id='1'>
					<div class='test-heading'>
						<span class='test-name'>Login Feature</span>
						<span class='test-time'>Aug 2, 2020 12:17:30 PM</span>
						<span class='test-status right fail'>fail</span>
					</div>
					<div class='test-content hide'>
<div class="sr-filters bdd-filters">
	<a class="btn-floating waves-effect waves-light pass green" title="pass"><i class='material-icons'>check_circle</i></a>
	<a class="btn-floating waves-effect waves-light fail red" title="fail"><i class='material-icons'>cancel</i></a>
	<a class="btn-floating waves-effect waves-light skip blue" title="skip"><i class='material-icons'>redo</i></a>
	<a class="btn-floating waves-effect waves-light clear grey" title="clear"><i class='material-icons'>clear</i></a>
</div>
<div class='scenario outline node' test-id='2' status='fail'>
	<div class='category-list'>
		<span class='category label'>@Login</span>
	</div>
	<span class='duration right label'>0h 2m 21s+450ms</span>
	<div class="bdd-test">
		<div class="scenario-name"><span class='status fail' title='fail'><i class='material-icons'>cancel</i></span> Scenario Outline: Login Feature</div>
		<table class='runtime-table table-striped table'><tr><td>userId</td></tr><tr><td>Admin</td></tr><tr><td>Admin1</td></tr></table>
	</div>
	<ul class='steps'>
		<li test-id='3' class='node scenario pass' status='pass'>
			<div class="step-name" title=""><span class='status pass' title='pass'><i class='material-icons'>check_circle</i></span>Login Feature</div>
			<ul class='gc steps'>
				<li test-id='5' class='gc given pass' status='pass'>
					<h6 class="step-name" title="StepDefinitions.CommonSteps.i_Login_to_Application_as(java.lang.String)"><span class='status pass' title='pass'><i class='material-icons'>check_circle</i></span>Given I Login to Application as "Admin"</h6>
					<div class="node-step"></div>
				</li>
				<li test-id='6' class='gc and pass' status='pass'>
					<h6 class="step-name" title="StepDefinitions.CommonSteps.i_Logout_form_Application()"><span class='status pass' title='pass'><i class='material-icons'>check_circle</i></span>And I Logout form Application</h6>
					<div class="node-step"></div>
				</li>
			</ul>
		</li>
		<li test-id='8' class='node scenario fail' status='fail'>
			<div class="step-name" title=""><span class='status fail' title='fail'><i class='material-icons'>cancel</i></span>Login Feature</div>
			<ul class='gc steps'>
				<li test-id='10' class='gc given fail' status='fail'>
					<h6 class="step-name" title="StepDefinitions.CommonSteps.i_Login_to_Application_as(java.lang.String)"><span class='status fail' title='fail'><i class='material-icons'>cancel</i></span>Given I Login to Application as "Admin1"</h6>
					<textarea disabled class="code-block">org.openqa.selenium.TimeoutException: Supplied function might have stalled
Build info: version: '4.0.0-alpha-6', revision: '5f43a29cfc'
System info: host: 'WIN10H-K1F9EKP9', ip: '192.168.0.104', os.name: 'Windows 10', os.arch: 'amd64', os.version: '10.0', java.version: '11.0.5'
Driver info: driver.version: unknown
	at org.openqa.selenium.support.ui.FluentWait.until(FluentWait.java:221)
	at PageClasses.CommonMethods.loginToApplicationWithGivenUser(CommonMethods.java:75)
	at StepDefinitions.CommonSteps.i_Login_to_Application_as(CommonSteps.java:28)
	at ?.I Login to Application as "Admin1"(file:///C:/Projects/DemoFramework/src/test/java/Features/00_Login.feature:6)
Caused by: java.util.concurrent.TimeoutException
	at java.base/java.util.concurrent.CompletableFuture.timedGet(CompletableFuture.java:1886)
	at java.base/java.util.concurrent.CompletableFuture.get(CompletableFuture.java:2021)
	at org.openqa.selenium.support.ui.FluentWait.until(FluentWait.java:208)
	at PageClasses.CommonMethods.loginToApplicationWithGivenUser(CommonMethods.java:75)
	at StepDefinitions.CommonSteps.i_Login_to_Application_as(CommonSteps.java:28)
	at java.base/jdk.internal.reflect.NativeMethodAccessorImpl.invoke0(Native Method)
	at java.base/jdk.internal.reflect.NativeMethodAccessorImpl.invoke(NativeMethodAccessorImpl.java:62)
	at java.base/jdk.internal.reflect.DelegatingMethodAccessorImpl.invoke(DelegatingMethodAccessorImpl.java:43)
	at java.base/java.lang.reflect.Method.invoke(Method.java:566)
	at io.cucumber.java.Invoker.invoke(Invoker.java:27)
	at io.cucumber.java.JavaStepDefinition.execute(JavaStepDefinition.java:27)
	at io.cucumber.core.runner.PickleStepDefinitionMatch.runStep(PickleStepDefinitionMatch.java:63)
	at io.cucumber.core.runner.TestStep.executeStep(TestStep.java:64)
	at io.cucumber.core.runner.TestStep.run(TestStep.java:49)
	at io.cucumber.core.runner.PickleStepTestStep.run(PickleStepTestStep.java:46)
	at io.cucumber.core.runner.TestCase.run(TestCase.java:51)
	at io.cucumber.core.runner.Runner.runPickle(Runner.java:67)
	at io.cucumber.junit.PickleRunners$NoStepDescriptions.run(PickleRunners.java:149)
	at io.cucumber.junit.FeatureRunner.runChild(FeatureRunner.java:83)
	at io.cucumber.junit.FeatureRunner.runChild(FeatureRunner.java:24)
	at org.junit.runners.ParentRunner$4.run(ParentRunner.java:331)
	at org.junit.runners.ParentRunner$1.schedule(ParentRunner.java:79)
	at org.junit.runners.ParentRunner.runChildren(ParentRunner.java:329)
	at org.junit.runners.ParentRunner.access$100(ParentRunner.java:66)
	at org.junit.runners.ParentRunner$2.evaluate(ParentRunner.java:293)
	at org.junit.runners.ParentRunner$3.evaluate(ParentRunner.java:306)
	at org.junit.runners.ParentRunner.run(ParentRunner.java:413)
	at io.cucumber.junit.Cucumber.runChild(Cucumber.java:185)
	at io.cucumber.junit.Cucumber.runChild(Cucumber.java:83)
	at org.junit.runners.ParentRunner$4.run(ParentRunner.java:331)
	at org.junit.runners.ParentRunner$1.schedule(ParentRunner.java:79)
	at org.junit.runners.ParentRunner.runChildren(ParentRunner.java:329)
	at org.junit.runners.ParentRunner.access$100(ParentRunner.java:66)
	at org.junit.runners.ParentRunner$2.evaluate(ParentRunner.java:293)
	at io.cucumber.junit.Cucumber$RunCucumber.evaluate(Cucumber.java:219)
	at org.junit.internal.runners.statements.RunAfters.evaluate(RunAfters.java:27)
	at org.junit.runners.ParentRunner$3.evaluate(ParentRunner.java:306)
	at org.junit.runners.ParentRunner.run(ParentRunner.java:413)
	at org.junit.runner.JUnitCore.run(JUnitCore.java:137)
	at org.junit.runner.JUnitCore.run(JUnitCore.java:115)
	at org.testng.junit.JUnit4TestRunner.start(JUnit4TestRunner.java:74)
	at org.testng.junit.JUnit4TestRunner.run(JUnit4TestRunner.java:65)
	at org.testng.TestRunner$1.run(TestRunner.java:652)
	at java.base/java.util.ArrayList.forEach(ArrayList.java:1540)
	at org.testng.TestRunner.runJUnitWorkers(TestRunner.java:843)
	at org.testng.TestRunner.privateRunJUnit(TestRunner.java:681)
	at org.testng.TestRunner.run(TestRunner.java:585)
	at org.testng.SuiteRunner.runTest(SuiteRunner.java:384)
	at org.testng.SuiteRunner.runSequentially(SuiteRunner.java:378)
	at org.testng.SuiteRunner.privateRun(SuiteRunner.java:337)
	at org.testng.SuiteRunner.run(SuiteRunner.java:286)
	at org.testng.SuiteRunnerWorker.runSuite(SuiteRunnerWorker.java:53)
	at org.testng.SuiteRunnerWorker.run(SuiteRunnerWorker.java:96)
	at org.testng.TestNG.runSuitesSequentially(TestNG.java:1187)
	at org.testng.TestNG.runSuitesLocally(TestNG.java:1109)
	at org.testng.TestNG.runSuites(TestNG.java:1039)
	at org.testng.TestNG.run(TestNG.java:1007)
	at org.apache.maven.surefire.testng.TestNGExecutor.run(TestNGExecutor.java:135)
	at org.apache.maven.surefire.testng.TestNGDirectoryTestSuite.executeSingleClass(TestNGDirectoryTestSuite.java:112)
	at org.apache.maven.surefire.testng.TestNGDirectoryTestSuite.execute(TestNGDirectoryTestSuite.java:99)
	at org.apache.maven.surefire.testng.TestNGProvider.invoke(TestNGProvider.java:146)
	at org.apache.maven.surefire.booter.ForkedBooter.invokeProviderInSameClassLoader(ForkedBooter.java:384)
	at org.apache.maven.surefire.booter.ForkedBooter.runSuitesInProcess(ForkedBooter.java:345)
	at org.apache.maven.surefire.booter.ForkedBooter.execute(ForkedBooter.java:126)
	at org.apache.maven.surefire.booter.ForkedBooter.main(ForkedBooter.java:418)
</textarea>
				</li>
				<li test-id='11' class='gc and skip' status='skip'>
					<h6 class="step-name" title="StepDefinitions.CommonSteps.i_Logout_form_Application()"><span class='status skip' title='skip'><i class='material-icons'>redo</i></span>And I Logout form Application</h6>
					<div class="node-step">Step skipped</div>
				</li>
				<li test-id='12' class='gc * fail' status='fail'>
					<h6 class="step-name" title=""><span class='status fail' title='fail'><i class='material-icons'>cancel</i></span>StepDefinitions.Hooks.tearDown(io.cucumber.java.Scenario)</h6>
					<textarea disabled class="code-block">org.openqa.selenium.WebDriverException: chrome not reachable
  (Session info: chrome=84.0.4147.105)
Build info: version: '4.0.0-alpha-6', revision: '5f43a29cfc'
System info: host: 'WIN10H-K1F9EKP9', ip: '192.168.0.104', os.name: 'Windows 10', os.arch: 'amd64', os.version: '10.0', java.version: '11.0.5'
Driver info: org.openqa.selenium.chrome.ChromeDriver
Capabilities {acceptInsecureCerts: false, browserName: chrome, browserVersion: 84.0.4147.105, chrome: {chromedriverVersion: 84.0.4147.30 (48b3e868b4cc0..., userDataDir: C:\Users\SSEENI~1\AppData\L...}, goog:chromeOptions: {debuggerAddress: localhost:52399}, javascriptEnabled: true, networkConnectionEnabled: false, pageLoadStrategy: normal, platform: WINDOWS, platformName: WINDOWS, proxy: Proxy(), setWindowRect: true, strictFileInteractability: false, timeouts: {implicit: 0, pageLoad: 300000, script: 30000}, unhandledPromptBehavior: dismiss and notify, webauthn:virtualAuthenticators: true}
Session ID: 3e90f952b66d295a9c24cd077fc18fd4
	at java.base/jdk.internal.reflect.NativeConstructorAccessorImpl.newInstance0(Native Method)
	at java.base/jdk.internal.reflect.NativeConstructorAccessorImpl.newInstance(NativeConstructorAccessorImpl.java:62)
	at java.base/jdk.internal.reflect.DelegatingConstructorAccessorImpl.newInstance(DelegatingConstructorAccessorImpl.java:45)
	at java.base/java.lang.reflect.Constructor.newInstance(Constructor.java:490)
	at org.openqa.selenium.remote.codec.w3c.W3CHttpResponseCodec.createException(W3CHttpResponseCodec.java:196)
	at org.openqa.selenium.remote.codec.w3c.W3CHttpResponseCodec.decode(W3CHttpResponseCodec.java:129)
	at org.openqa.selenium.remote.codec.w3c.W3CHttpResponseCodec.decode(W3CHttpResponseCodec.java:53)
	at org.openqa.selenium.remote.HttpCommandExecutor.execute(HttpCommandExecutor.java:160)
	at org.openqa.selenium.remote.service.DriverCommandExecutor.execute(DriverCommandExecutor.java:83)
	at org.openqa.selenium.remote.RemoteWebDriver.execute(RemoteWebDriver.java:582)
	at org.openqa.selenium.remote.RemoteWebDriver.execute(RemoteWebDriver.java:639)
	at org.openqa.selenium.remote.RemoteWebDriver.execute(RemoteWebDriver.java:643)
	at org.openqa.selenium.remote.RemoteWebDriver.getScreenshotAs(RemoteWebDriver.java:303)
	at StepDefinitions.Hooks.tearDown(Hooks.java:46)
</textarea>
				</li>
			</ul>
		</li>
	</ul>
</div>
					</div>
				</li>
				<li class='test displayed active has-leaf pass' status='pass' bdd='true' test-id='13'>
					<div class='test-heading'>
						<span class='test-name'>Adding New User</span>
						<span class='test-time'>Aug 2, 2020 12:19:58 PM</span>
						<span class='test-status right pass'>pass</span>
					</div>
					<div class='test-content hide'>
<div class="sr-filters bdd-filters">
	<a class="btn-floating waves-effect waves-light pass green" title="pass"><i class='material-icons'>check_circle</i></a>
	<a class="btn-floating waves-effect waves-light fail red" title="fail"><i class='material-icons'>cancel</i></a>
	<a class="btn-floating waves-effect waves-light skip blue" title="skip"><i class='material-icons'>redo</i></a>
	<a class="btn-floating waves-effect waves-light clear grey" title="clear"><i class='material-icons'>clear</i></a>
</div>
<div class='scenario node' test-id='14' status='pass'>
	<div class='category-list'>
		<span class='category label'>@Smoke</span>
		<span class='category label'>@AddUser</span>
	</div>
	<span class='duration right label'>0h 0m 29s+135ms</span>
	<div class="bdd-test">
		<div class="scenario-name"><span class='status pass' title='pass'><i class='material-icons'>check_circle</i></span> Scenario: Adding New User</div>
	</div>
	<ul class='steps'>
		<li test-id='16' class='node given pass' status='pass'>
			<div class="step-name" title="StepDefinitions.CommonSteps.i_Login_to_Application()"><span class='status pass' title='pass'><i class='material-icons'>check_circle</i></span>Given I Login to Application</div>
			<div class="node-step"></div>
		</li>
		<li test-id='17' class='node then pass' status='pass'>
			<div class="step-name" title="StepDefinitions.AddingNewUserSteps.i_Goto_Admin_Page()"><span class='status pass' title='pass'><i class='material-icons'>check_circle</i></span>Then I Goto Admin Page</div>
			<div class="node-step"></div>
		</li>
		<li test-id='18' class='node and pass' status='pass'>
			<div class="step-name" title="StepDefinitions.AddingNewUserSteps.i_Add_New_User()"><span class='status pass' title='pass'><i class='material-icons'>check_circle</i></span>And I Add New User</div>
			<div class="node-step"></div>
		</li>
		<li test-id='19' class='node then pass' status='pass'>
			<div class="step-name" title="StepDefinitions.CommonSteps.i_Logout_form_Application()"><span class='status pass' title='pass'><i class='material-icons'>check_circle</i></span>Then I Logout form Application</div>
			<div class="node-step"></div>
		</li>
	</ul>
</div>
					</div>
				</li>
				<li class='test displayed active has-leaf fail' status='fail' bdd='true' test-id='21'>
					<div class='test-heading'>
						<span class='test-name'>Assign Leave</span>
						<span class='test-time'>Aug 2, 2020 12:20:43 PM</span>
						<span class='test-status right fail'>fail</span>
					</div>
					<div class='test-content hide'>
<div class="sr-filters bdd-filters">
	<a class="btn-floating waves-effect waves-light pass green" title="pass"><i class='material-icons'>check_circle</i></a>
	<a class="btn-floating waves-effect waves-light fail red" title="fail"><i class='material-icons'>cancel</i></a>
	<a class="btn-floating waves-effect waves-light skip blue" title="skip"><i class='material-icons'>redo</i></a>
	<a class="btn-floating waves-effect waves-light clear grey" title="clear"><i class='material-icons'>clear</i></a>
</div>
<div class='scenario node' test-id='22' status='fail'>
	<div class='category-list'>
		<span class='category label'>@Smoke</span>
		<span class='category label'>@AssignLeave</span>
	</div>
	<span class='duration right label'>0h 0m 21s+462ms</span>
	<div class="bdd-test">
		<div class="scenario-name"><span class='status fail' title='fail'><i class='material-icons'>cancel</i></span> Scenario: Assign Leave</div>
	</div>
	<ul class='steps'>
		<li test-id='24' class='node given pass' status='pass'>
			<div class="step-name" title="StepDefinitions.CommonSteps.i_Login_to_Application()"><span class='status pass' title='pass'><i class='material-icons'>check_circle</i></span>Given I Login to Application</div>
			<div class="node-step"></div>
		</li>
		<li test-id='25' class='node then pass' status='pass'>
			<div class="step-name" title="StepDefinitions.AssignLeaveSteps.i_Goto_Assign_Leave_Page()"><span class='status pass' title='pass'><i class='material-icons'>check_circle</i></span>Then I Goto Assign Leave Page</div>
			<div class="node-step"></div>
		</li>
		<li test-id='26' class='node and fail' status='fail'>
			<div class="step-name" title="StepDefinitions.AssignLeaveSteps.i_Assign_Leaves()"><span class='status fail' title='fail'><i class='material-icons'>cancel</i></span>And I Assign Leaves</div>
			<textarea disabled class="code-block">java.lang.AssertionError: expected [] but found [Tests]
	at org.testng.Assert.fail(Assert.java:97)
	at org.testng.Assert.assertEqualsImpl(Assert.java:136)
	at org.testng.Assert.assertEquals(Assert.java:118)
	at org.testng.Assert.assertEquals(Assert.java:575)
	at org.testng.Assert.assertEquals(Assert.java:585)
	at PageClasses.AssignLeavePage.assignLeaves(AssignLeavePage.java:64)
	at StepDefinitions.AssignLeaveSteps.i_Assign_Leaves(AssignLeaveSteps.java:23)
	at ?.I Assign Leaves(file:///C:/Projects/DemoFramework/src/test/java/Features/02_AssignLeave.feature:8)
</textarea>
		</li>
		<li test-id='27' class='node then skip' status='skip'>
			<div class="step-name" title="StepDefinitions.CommonSteps.i_Logout_form_Application()"><span class='status skip' title='skip'><i class='material-icons'>redo</i></span>Then I Logout form Application</div>
			<div class="node-step">Step skipped</div>
		</li>
		<li test-id='28' class='node * pass' status='pass'>
			<div class="step-name" title=""><span class='status pass' title='pass'><i class='material-icons'>check_circle</i></span>StepDefinitions.Hooks.tearDown(io.cucumber.java.Scenario)</div>
			<ul class='screenshots right'>
				<li><a data-featherlight="image" href="../embedded1.png"><i class='material-icons'>panorama</i></a></li>
			</ul>
			<div class="node-step">this is my failure message</div>
			<div class="node-step"></div>
		</li>
	</ul>
</div>
					</div>
				</li>
			</ul>
		</div>
	</div>
	<!-- subview left -->
	<div class='subview-right left'>
		<div class='view-summary'>
			<div id='step-filters' class="right sr-filters">
				<a class="btn-floating waves-effect waves-light green" status="pass" alt="pass" title="pass"><i class="material-icons">check_circle</i></a>
				<a class="btn-floating waves-effect waves-light red" status="fail" alt="fail" title="fail"><i class="material-icons">cancel</i></a>
				<a class="btn-floating waves-effect waves-light red darken-4" status="fatal" alt="fatal" title="fatal"><i class="material-icons">cancel</i></a>
				<a class="btn-floating waves-effect waves-light pink text-lighten-1" status="error" alt="error" title="error"><i class="material-icons">error</i></a>
				<a class="btn-floating waves-effect waves-light orange" alt="warning" status="warning" title="warning"><i class="material-icons">warning</i></a>
				<a class="btn-floating waves-effect waves-light teal" status="skip" alt="skip" title="skip"><i class="material-icons">redo</i></a>
				<a class="btn-floating waves-effect waves-light grey" status="clear" alt="Clear filters" title="Clear filters"><i class="material-icons">clear</i></a>
			</div>
			<h5 class='test-name'></h5>
		</div>
	</div>
	<!-- subview right -->
</div>
<!-- test view --><div id='category-view' class='view hide'>
	<section id='controls'>
		<div class='controls grey lighten-4'>
			<!-- search -->
			<div class='chip transparent' alt='Search Tests' title='Search Tests'>
				<a href="#" class='search-div'>
				<i class='material-icons'>search</i> Search
				</a>
				<div class='input-field left hide'>
					<input id='search-tests' type='text' class='validate browser-default' placeholder='Search Tests...'>
				</div>
			</div>
			<!-- search -->
		</div>
	</section>
	<div class='subview-left left'>
		<div class='view-summary'>
			<ul id='category-collection' class='category-collection'>
				<li class='category displayed active'>
					<div class='category-heading'>
						<span class='category-name'>@Smoke</span>
						<span class='category-status right'>
						<span class='label pass'>2</span>
						<span class='label fail'>2</span>
						</span>
					</div>
					<div class='category-content hide'>
						<div class='category-status-counts'>
							<span status="pass" class='label green accent-4 white-text'>Passed: 2</span>
							<span status="fail" class='label red lighten-1 white-text'>Failed: 2</span>
							
						</div>
						<div class='category-tests'>
							<table class='bordered table-results'>
								<thead>
									<tr>
										<th>Timestamp</th>
										<th>TestName</th>
										<th>Status</th>
									</tr>
								</thead>
								<tbody>
									<tr>
										<td>Aug 2, 2020 12:17:30 PM</td>
										<td class='linked' test-id='1'>Login Feature</td>
										<td><span class='test-status fail'>fail</span></td>
									</tr>
									<tr>
										<td>Aug 2, 2020 12:17:30 PM</td>
										<td class='linked' test-id='3'>Login Feature</td>
										<td><span class='test-status pass'>pass</span></td>
									</tr>
									<tr>
										<td>Aug 2, 2020 12:18:08 PM</td>
										<td class='linked' test-id='8'>Login Feature</td>
										<td><span class='test-status fail'>fail</span></td>
									</tr>
									<tr>
										<td>Aug 2, 2020 12:19:58 PM</td>
										<td class='linked' test-id='13'>Adding New User</td>
										<td><span class='test-status pass'>pass</span></td>
									</tr>
									<tr>
										<td>Aug 2, 2020 12:19:58 PM</td>
										<td class='linked' test-id='14'>Adding New User</td>
										<td><span class='test-status pass'>pass</span></td>
									</tr>
									<tr>
										<td>Aug 2, 2020 12:20:43 PM</td>
										<td class='linked' test-id='21'>Assign Leave</td>
										<td><span class='test-status fail'>fail</span></td>
									</tr>
									<tr>
										<td>Aug 2, 2020 12:20:43 PM</td>
										<td class='linked' test-id='22'>Assign Leave</td>
										<td><span class='test-status fail'>fail</span></td>
									</tr>
								</tbody>
							</table>
						</div>
					</div>
				</li>
				<li class='category displayed active'>
					<div class='category-heading'>
						<span class='category-name'>@Login</span>
						<span class='category-status right'>
						<span class='label pass'>1</span>
						<span class='label fail'>2</span>
						</span>
					</div>
					<div class='category-content hide'>
						<div class='category-status-counts'>
							<span status="pass" class='label green accent-4 white-text'>Passed: 1</span>
							<span status="fail" class='label red lighten-1 white-text'>Failed: 2</span>
							
						</div>
						<div class='category-tests'>
							<table class='bordered table-results'>
								<thead>
									<tr>
										<th>Timestamp</th>
										<th>TestName</th>
										<th>Status</th>
									</tr>
								</thead>
								<tbody>
									<tr>
										<td>Aug 2, 2020 12:17:30 PM</td>
										<td class='linked' test-id='2'>Login Feature</td>
										<td><span class='test-status fail'>fail</span></td>
									</tr>
									<tr>
										<td>Aug 2, 2020 12:17:30 PM</td>
										<td class='linked' test-id='3'>Login Feature</td>
										<td><span class='test-status pass'>pass</span></td>
									</tr>
									<tr>
										<td>Aug 2, 2020 12:18:08 PM</td>
										<td class='linked' test-id='8'>Login Feature</td>
										<td><span class='test-status fail'>fail</span></td>
									</tr>
								</tbody>
							</table>
						</div>
					</div>
				</li>
				<li class='category displayed active'>
					<div class='category-heading'>
						<span class='category-name'>@AddUser</span>
						<span class='category-status right'>
						<span class='label pass'>1</span>
						</span>
					</div>
					<div class='category-content hide'>
						<div class='category-status-counts'>
							<span status="pass" class='label green accent-4 white-text'>Passed: 1</span>
							
							
						</div>
						<div class='category-tests'>
							<table class='bordered table-results'>
								<thead>
									<tr>
										<th>Timestamp</th>
										<th>TestName</th>
										<th>Status</th>
									</tr>
								</thead>
								<tbody>
									<tr>
										<td>Aug 2, 2020 12:19:58 PM</td>
										<td class='linked' test-id='14'>Adding New User</td>
										<td><span class='test-status pass'>pass</span></td>
									</tr>
								</tbody>
							</table>
						</div>
					</div>
				</li>
				<li class='category displayed active'>
					<div class='category-heading'>
						<span class='category-name'>@AssignLeave</span>
						<span class='category-status right'>
						<span class='label fail'>1</span>
						</span>
					</div>
					<div class='category-content hide'>
						<div class='category-status-counts'>
							
							<span status="fail" class='label red lighten-1 white-text'>Failed: 1</span>
							
						</div>
						<div class='category-tests'>
							<table class='bordered table-results'>
								<thead>
									<tr>
										<th>Timestamp</th>
										<th>TestName</th>
										<th>Status</th>
									</tr>
								</thead>
								<tbody>
									<tr>
										<td>Aug 2, 2020 12:20:43 PM</td>
										<td class='linked' test-id='22'>Assign Leave</td>
										<td><span class='test-status fail'>fail</span></td>
									</tr>
								</tbody>
							</table>
						</div>
					</div>
				</li>
			</ul>
		</div>
	</div>
	<div class='subview-right left'>
		<div class='view-summary'>
			<h5 class='category-name'></h5>
		</div>
	</div>
</div>
<!-- category view --><div id='exception-view' class='view hide'>
	<section id='controls'>
		<div class='controls grey lighten-4'>
			<!-- search -->
			<div class='chip transparent' alt='Search Tests' title='Search Tests'>
				<a href="#" class='search-div'>
				<i class='material-icons'>search</i> Search
				</a>
				<div class='input-field left hide'>
					<input id='search-tests' type='text' class='validate browser-default' placeholder='Search Tests...'>
				</div>
			</div>
			<!-- search -->
		</div>
	</section>
	<div class='subview-left left'>
		<div class='view-summary'>
			<ul id='exception-collection' class='exception-collection'>
				<li class='exception displayed active'>
					<div class='exception-heading'>
						<span class='exception-name'>org.openqa.selenium.TimeoutException</span>
						<span class='exception-count right'><span class='label red lighten-1 white-text'>1</span></span>
					</div>
					<div class='exception-content hide'>
						<div class='exception-tests'>
							<table class='bordered table-results'>
								<thead>
									<tr>
										<th>Timestamp</th>
										<th>TestName</th>
										<th>Status</th>
									</tr>
								</thead>
								<tbody>
									<tr>
										<td>Aug 2, 2020 12:18:08 PM</td>
										<td class='linked' test-id='10'>Given I Login to Application as "Admin1"</td>
										<td>
											<textarea disabled class="code-block">org.openqa.selenium.TimeoutException: Supplied function might have stalled
Build info: version: '4.0.0-alpha-6', revision: '5f43a29cfc'
System info: host: 'WIN10H-K1F9EKP9', ip: '192.168.0.104', os.name: 'Windows 10', os.arch: 'amd64', os.version: '10.0', java.version: '11.0.5'
Driver info: driver.version: unknown
	at org.openqa.selenium.support.ui.FluentWait.until(FluentWait.java:221)
	at PageClasses.CommonMethods.loginToApplicationWithGivenUser(CommonMethods.java:75)
	at StepDefinitions.CommonSteps.i_Login_to_Application_as(CommonSteps.java:28)
	at ?.I Login to Application as "Admin1"(file:///C:/Projects/DemoFramework/src/test/java/Features/00_Login.feature:6)
Caused by: java.util.concurrent.TimeoutException
	at java.base/java.util.concurrent.CompletableFuture.timedGet(CompletableFuture.java:1886)
	at java.base/java.util.concurrent.CompletableFuture.get(CompletableFuture.java:2021)
	at org.openqa.selenium.support.ui.FluentWait.until(FluentWait.java:208)
	at PageClasses.CommonMethods.loginToApplicationWithGivenUser(CommonMethods.java:75)
	at StepDefinitions.CommonSteps.i_Login_to_Application_as(CommonSteps.java:28)
	at java.base/jdk.internal.reflect.NativeMethodAccessorImpl.invoke0(Native Method)
	at java.base/jdk.internal.reflect.NativeMethodAccessorImpl.invoke(NativeMethodAccessorImpl.java:62)
	at java.base/jdk.internal.reflect.DelegatingMethodAccessorImpl.invoke(DelegatingMethodAccessorImpl.java:43)
	at java.base/java.lang.reflect.Method.invoke(Method.java:566)
	at io.cucumber.java.Invoker.invoke(Invoker.java:27)
	at io.cucumber.java.JavaStepDefinition.execute(JavaStepDefinition.java:27)
	at io.cucumber.core.runner.PickleStepDefinitionMatch.runStep(PickleStepDefinitionMatch.java:63)
	at io.cucumber.core.runner.TestStep.executeStep(TestStep.java:64)
	at io.cucumber.core.runner.TestStep.run(TestStep.java:49)
	at io.cucumber.core.runner.PickleStepTestStep.run(PickleStepTestStep.java:46)
	at io.cucumber.core.runner.TestCase.run(TestCase.java:51)
	at io.cucumber.core.runner.Runner.runPickle(Runner.java:67)
	at io.cucumber.junit.PickleRunners$NoStepDescriptions.run(PickleRunners.java:149)
	at io.cucumber.junit.FeatureRunner.runChild(FeatureRunner.java:83)
	at io.cucumber.junit.FeatureRunner.runChild(FeatureRunner.java:24)
	at org.junit.runners.ParentRunner$4.run(ParentRunner.java:331)
	at org.junit.runners.ParentRunner$1.schedule(ParentRunner.java:79)
	at org.junit.runners.ParentRunner.runChildren(ParentRunner.java:329)
	at org.junit.runners.ParentRunner.access$100(ParentRunner.java:66)
	at org.junit.runners.ParentRunner$2.evaluate(ParentRunner.java:293)
	at org.junit.runners.ParentRunner$3.evaluate(ParentRunner.java:306)
	at org.junit.runners.ParentRunner.run(ParentRunner.java:413)
	at io.cucumber.junit.Cucumber.runChild(Cucumber.java:185)
	at io.cucumber.junit.Cucumber.runChild(Cucumber.java:83)
	at org.junit.runners.ParentRunner$4.run(ParentRunner.java:331)
	at org.junit.runners.ParentRunner$1.schedule(ParentRunner.java:79)
	at org.junit.runners.ParentRunner.runChildren(ParentRunner.java:329)
	at org.junit.runners.ParentRunner.access$100(ParentRunner.java:66)
	at org.junit.runners.ParentRunner$2.evaluate(ParentRunner.java:293)
	at io.cucumber.junit.Cucumber$RunCucumber.evaluate(Cucumber.java:219)
	at org.junit.internal.runners.statements.RunAfters.evaluate(RunAfters.java:27)
	at org.junit.runners.ParentRunner$3.evaluate(ParentRunner.java:306)
	at org.junit.runners.ParentRunner.run(ParentRunner.java:413)
	at org.junit.runner.JUnitCore.run(JUnitCore.java:137)
	at org.junit.runner.JUnitCore.run(JUnitCore.java:115)
	at org.testng.junit.JUnit4TestRunner.start(JUnit4TestRunner.java:74)
	at org.testng.junit.JUnit4TestRunner.run(JUnit4TestRunner.java:65)
	at org.testng.TestRunner$1.run(TestRunner.java:652)
	at java.base/java.util.ArrayList.forEach(ArrayList.java:1540)
	at org.testng.TestRunner.runJUnitWorkers(TestRunner.java:843)
	at org.testng.TestRunner.privateRunJUnit(TestRunner.java:681)
	at org.testng.TestRunner.run(TestRunner.java:585)
	at org.testng.SuiteRunner.runTest(SuiteRunner.java:384)
	at org.testng.SuiteRunner.runSequentially(SuiteRunner.java:378)
	at org.testng.SuiteRunner.privateRun(SuiteRunner.java:337)
	at org.testng.SuiteRunner.run(SuiteRunner.java:286)
	at org.testng.SuiteRunnerWorker.runSuite(SuiteRunnerWorker.java:53)
	at org.testng.SuiteRunnerWorker.run(SuiteRunnerWorker.java:96)
	at org.testng.TestNG.runSuitesSequentially(TestNG.java:1187)
	at org.testng.TestNG.runSuitesLocally(TestNG.java:1109)
	at org.testng.TestNG.runSuites(TestNG.java:1039)
	at org.testng.TestNG.run(TestNG.java:1007)
	at org.apache.maven.surefire.testng.TestNGExecutor.run(TestNGExecutor.java:135)
	at org.apache.maven.surefire.testng.TestNGDirectoryTestSuite.executeSingleClass(TestNGDirectoryTestSuite.java:112)
	at org.apache.maven.surefire.testng.TestNGDirectoryTestSuite.execute(TestNGDirectoryTestSuite.java:99)
	at org.apache.maven.surefire.testng.TestNGProvider.invoke(TestNGProvider.java:146)
	at org.apache.maven.surefire.booter.ForkedBooter.invokeProviderInSameClassLoader(ForkedBooter.java:384)
	at org.apache.maven.surefire.booter.ForkedBooter.runSuitesInProcess(ForkedBooter.java:345)
	at org.apache.maven.surefire.booter.ForkedBooter.execute(ForkedBooter.java:126)
	at org.apache.maven.surefire.booter.ForkedBooter.main(ForkedBooter.java:418)
</textarea>
										</td>
									</tr>
								</tbody>
							</table>
						</div>
					</div>
				</li>
				<li class='exception displayed active'>
					<div class='exception-heading'>
						<span class='exception-name'>org.openqa.selenium.WebDriverException</span>
						<span class='exception-count right'><span class='label red lighten-1 white-text'>1</span></span>
					</div>
					<div class='exception-content hide'>
						<div class='exception-tests'>
							<table class='bordered table-results'>
								<thead>
									<tr>
										<th>Timestamp</th>
										<th>TestName</th>
										<th>Status</th>
									</tr>
								</thead>
								<tbody>
									<tr>
										<td>Aug 2, 2020 12:19:14 PM</td>
										<td class='linked' test-id='12'>StepDefinitions.Hooks.tearDown(io.cucumber.java.Scenario)</td>
										<td>
											<textarea disabled class="code-block">org.openqa.selenium.WebDriverException: chrome not reachable
  (Session info: chrome=84.0.4147.105)
Build info: version: '4.0.0-alpha-6', revision: '5f43a29cfc'
System info: host: 'WIN10H-K1F9EKP9', ip: '192.168.0.104', os.name: 'Windows 10', os.arch: 'amd64', os.version: '10.0', java.version: '11.0.5'
Driver info: org.openqa.selenium.chrome.ChromeDriver
Capabilities {acceptInsecureCerts: false, browserName: chrome, browserVersion: 84.0.4147.105, chrome: {chromedriverVersion: 84.0.4147.30 (48b3e868b4cc0..., userDataDir: C:\Users\SSEENI~1\AppData\L...}, goog:chromeOptions: {debuggerAddress: localhost:52399}, javascriptEnabled: true, networkConnectionEnabled: false, pageLoadStrategy: normal, platform: WINDOWS, platformName: WINDOWS, proxy: Proxy(), setWindowRect: true, strictFileInteractability: false, timeouts: {implicit: 0, pageLoad: 300000, script: 30000}, unhandledPromptBehavior: dismiss and notify, webauthn:virtualAuthenticators: true}
Session ID: 3e90f952b66d295a9c24cd077fc18fd4
	at java.base/jdk.internal.reflect.NativeConstructorAccessorImpl.newInstance0(Native Method)
	at java.base/jdk.internal.reflect.NativeConstructorAccessorImpl.newInstance(NativeConstructorAccessorImpl.java:62)
	at java.base/jdk.internal.reflect.DelegatingConstructorAccessorImpl.newInstance(DelegatingConstructorAccessorImpl.java:45)
	at java.base/java.lang.reflect.Constructor.newInstance(Constructor.java:490)
	at org.openqa.selenium.remote.codec.w3c.W3CHttpResponseCodec.createException(W3CHttpResponseCodec.java:196)
	at org.openqa.selenium.remote.codec.w3c.W3CHttpResponseCodec.decode(W3CHttpResponseCodec.java:129)
	at org.openqa.selenium.remote.codec.w3c.W3CHttpResponseCodec.decode(W3CHttpResponseCodec.java:53)
	at org.openqa.selenium.remote.HttpCommandExecutor.execute(HttpCommandExecutor.java:160)
	at org.openqa.selenium.remote.service.DriverCommandExecutor.execute(DriverCommandExecutor.java:83)
	at org.openqa.selenium.remote.RemoteWebDriver.execute(RemoteWebDriver.java:582)
	at org.openqa.selenium.remote.RemoteWebDriver.execute(RemoteWebDriver.java:639)
	at org.openqa.selenium.remote.RemoteWebDriver.execute(RemoteWebDriver.java:643)
	at org.openqa.selenium.remote.RemoteWebDriver.getScreenshotAs(RemoteWebDriver.java:303)
	at StepDefinitions.Hooks.tearDown(Hooks.java:46)
</textarea>
										</td>
									</tr>
								</tbody>
							</table>
						</div>
					</div>
				</li>
				<li class='exception displayed active'>
					<div class='exception-heading'>
						<span class='exception-name'>java.lang.AssertionError</span>
						<span class='exception-count right'><span class='label red lighten-1 white-text'>1</span></span>
					</div>
					<div class='exception-content hide'>
						<div class='exception-tests'>
							<table class='bordered table-results'>
								<thead>
									<tr>
										<th>Timestamp</th>
										<th>TestName</th>
										<th>Status</th>
									</tr>
								</thead>
								<tbody>
									<tr>
										<td>Aug 2, 2020 12:20:59 PM</td>
										<td class='linked' test-id='26'>And I Assign Leaves</td>
										<td>
											<textarea disabled class="code-block">java.lang.AssertionError: expected [] but found [Tests]
	at org.testng.Assert.fail(Assert.java:97)
	at org.testng.Assert.assertEqualsImpl(Assert.java:136)
	at org.testng.Assert.assertEquals(Assert.java:118)
	at org.testng.Assert.assertEquals(Assert.java:575)
	at org.testng.Assert.assertEquals(Assert.java:585)
	at PageClasses.AssignLeavePage.assignLeaves(AssignLeavePage.java:64)
	at StepDefinitions.AssignLeaveSteps.i_Assign_Leaves(AssignLeaveSteps.java:23)
	at ?.I Assign Leaves(file:///C:/Projects/DemoFramework/src/test/java/Features/02_AssignLeave.feature:8)
</textarea>
										</td>
									</tr>
								</tbody>
							</table>
						</div>
					</div>
				</li>
			</ul>
		</div>
	</div>
	<div class='subview-right left'>
		<div class='view-summary'>
			<h5 class='exception-name'></h5>
		</div>
	</div>
</div>
<!-- exception view --><div id='dashboard-view' class='view hide'>
	<div class='card-panel transparent np-v'>
		<h5>Dashboard</h5>

		<div class='row'>
			<div class='col s2'>
				<div class='card-panel r'>
					Features
					<div class='panel-lead'>3</div>
				</div>
			</div>
			<div class='col s2'>
				<div class='card-panel r'>
					Scenarios
					<div class='panel-lead'>4</div>
				</div>
			</div>
			<div class='col s2'>
				<div class='card-panel r'>
					Steps
					<div class='panel-lead'>14</div>
				</div>
			</div>
			<div class='col s2'>
				<div class='card-panel r'>
					Start
					<div class='panel-lead'>Aug 2, 2020 12:17:12 PM</div>
				</div>
			</div>
			<div class='col s2'>
				<div class='card-panel r'>
			 		End
			 		<div class='panel-lead'>Aug 2, 2020 12:21:07 PM</div>
				</div>
			</div>
			<div class='col s2'>
				<div class='card-panel r'>
					Time Taken
					<div class='panel-lead'>0h 3m 55s+689ms</div>
				</div>
			</div>
			<div class='col s6'>
				<div class='card-panel dashboard-categories'>
					<span class='right label cyan white-text'>Categories</span><p>&nbsp;</p>
					
					<table>
						<tr>
							<th>Name</th>
							<th>Passed</th>
							<th>Failed</th>
							<th>Skipped</th>
							<th>Passed %</th>
						</tr>
						<tr>
							<td>@Smoke</td>
							<td>2</td>
							<td>2</td>
							<td>0</td>
							<td>
									28.571%
							</td>
						</tr>
						<tr>
							<td>@Login</td>
							<td>1</td>
							<td>2</td>
							<td>0</td>
							<td>
									33.333%
							</td>
						</tr>
						<tr>
							<td>@AddUser</td>
							<td>1</td>
							<td>0</td>
							<td>0</td>
							<td>
									100%
							</td>
						</tr>
						<tr>
							<td>@AssignLeave</td>
							<td>0</td>
							<td>1</td>
							<td>0</td>
							<td>
									0%
							</td>
						</tr>
					</table>
				</div>
			</div>
		</div>
	</div>
</div>
<!-- dashboard view -->
<!-- testrunner-logs view -->		</div>
		<!-- container -->
		<script>
			var statusGroup = {
                parentCount: 3,
				passParent: 1,
				failParent: 2,
				fatalParent: 0,
				errorParent: 0,
				warningParent: 0,
				skipParent: 0,
				exceptionsParent: 2,
				childCount: 4,
				passChild: 2,
				failChild: 2,
				fatalChild: 0,
				errorChild: 0,
				warningChild: 0,
				skipChild: 0,
				infoChild: 0,
				debugChild: 0,
				exceptionsChild: 2,
				grandChildCount: 14,
				passGrandChild: 9,
				failGrandChild: 3,
				fatalGrandChild: 0,
				errorGrandChild: 0,
				warningGrandChild: 0,
				skipGrandChild: 2,
				infoGrandChild: 0,
				debugGrandChild: 0,
				exceptionsGrandChild: 5,
			};
		</script>
		<script>
			var timeline = {
			        "Login Feature":141.45,"Adding New User":29.135,"Assign Leave":21.462
			};
		</script>
	
		  <script src='https://cdn.jsdelivr.net/gh/extent-framework/extent-github-cdn@ff53917fbbdb5ef820abbbe4d199a6942dc771ff/v3html/js/extent.js' type='text/javascript'></script>
		<script type='text/javascript'>
		</script>
	</body>
</html>